<?xml version="1.0" encoding="UTF-8"?>
<testng-results skipped="0" failed="0" total="1" passed="1">
  <reporter-output>
  </reporter-output>
  <suite name="SettleKing" duration-ms="23558" started-at="2022-02-06T22:18:25Z" finished-at="2022-02-06T22:18:48Z">
    <groups>
    </groups>
    <test name="SettleKing Test" duration-ms="23558" started-at="2022-02-06T22:18:25Z" finished-at="2022-02-06T22:18:48Z">
      <class name="com.settleking.testCases.TC_CreateSettlement_003">
        <test-method status="PASS" signature="setup(java.lang.String)[pri:0, instance:com.settleking.testCases.TC_CreateSettlement_003@157f54e]" name="setup" is-config="true" duration-ms="10789" started-at="2022-02-06T14:18:25Z" finished-at="2022-02-06T14:18:36Z">
          <params>
            <param index="0">
              <value>
                <![CDATA[chrome]]>
              </value>
            </param>
          </params>
          <reporter-output>
          </reporter-output>
        </test-method> <!-- setup -->
        <test-method status="PASS" signature="CreateSettlement()[pri:0, instance:com.settleking.testCases.TC_CreateSettlement_003@157f54e]" name="CreateSettlement" duration-ms="10253" started-at="2022-02-06T14:18:36Z" finished-at="2022-02-06T14:18:47Z">
          <reporter-output>
          </reporter-output>
        </test-method> <!-- CreateSettlement -->
        <test-method status="PASS" signature="tearDown()[pri:0, instance:com.settleking.testCases.TC_CreateSettlement_003@157f54e]" name="tearDown" is-config="true" duration-ms="1656" started-at="2022-02-06T14:18:47Z" finished-at="2022-02-06T14:18:48Z">
          <reporter-output>
          </reporter-output>
        </test-method> <!-- tearDown -->
      </class> <!-- com.settleking.testCases.TC_CreateSettlement_003 -->
    </test> <!-- SettleKing Test -->
  </suite> <!-- SettleKing -->
</testng-results>
